<?xml version="1.0" encoding="UTF-8"?>
<coverage generated="1682881991282" clover="3.2.0">
  <project timestamp="1682881991282" name="All files">
    <metrics statements="13" coveredstatements="13" conditionals="4" coveredconditionals="4" methods="3" coveredmethods="3" elements="20" coveredelements="20" complexity="0" loc="13" ncloc="13" packages="1" files="1" classes="1"/>
    <file name="num.js" path="D:\Нова папка\Нова папка\Express\Second_semester\JestApp\src\num.js">
      <metrics statements="13" coveredstatements="13" conditionals="4" coveredconditionals="4" methods="3" coveredmethods="3"/>
      <line num="1" count="1" type="stmt"/>
      <line num="2" count="1" type="stmt"/>
      <line num="3" count="1" type="stmt"/>
      <line num="4" count="1" type="stmt"/>
      <line num="8" count="5" type="stmt"/>
      <line num="9" count="5" type="cond" truecount="4" falsecount="0"/>
      <line num="10" count="1" type="stmt"/>
      <line num="12" count="16" type="stmt"/>
      <line num="13" count="16" type="stmt"/>
      <line num="14" count="4" type="stmt"/>
      <line num="16" count="1" type="stmt"/>
      <line num="17" count="1" type="stmt"/>
      <line num="22" count="1" type="stmt"/>
    </file>
  </project>
</coverage>
