{"D:\\Нова папка\\Нова папка\\Express\\Second_semester\\JestApp\\src\\Lgnpass.js": {"path":"D:\\Нова папка\\Нова папка\\Express\\Second_semester\\JestApp\\src\\Lgnpass.js","statementMap":{"0":{"start":{"line":1,"column":15},"end":{"line":7,"column":1}},"1":{"start":{"line":10,"column":15},"end":{"line":10,"column":86}},"2":{"start":{"line":10,"column":35},"end":{"line":10,"column":85}},"3":{"start":{"line":11,"column":4},"end":{"line":14,"column":45}},"4":{"start":{"line":12,"column":8},"end":{"line":12,"column":33}},"5":{"start":{"line":14,"column":8},"end":{"line":14,"column":45}},"6":{"start":{"line":20,"column":4},"end":{"line":20,"column":29}}},"fnMap":{"0":{"name":"Lgpassw","decl":{"start":{"line":9,"column":9},"end":{"line":9,"column":16}},"loc":{"start":{"line":9,"column":33},"end":{"line":15,"column":5}},"line":9},"1":{"name":"(anonymous_1)","decl":{"start":{"line":10,"column":27},"end":{"line":10,"column":28}},"loc":{"start":{"line":10,"column":35},"end":{"line":10,"column":85}},"line":10}},"branchMap":{"0":{"loc":{"start":{"line":10,"column":35},"end":{"line":10,"column":85}},"type":"binary-expr","locations":[{"start":{"line":10,"column":35},"end":{"line":10,"column":55}},{"start":{"line":10,"column":59},"end":{"line":10,"column":85}}],"line":10},"1":{"loc":{"start":{"line":11,"column":4},"end":{"line":14,"column":45}},"type":"if","locations":[{"start":{"line":11,"column":4},"end":{"line":14,"column":45}},{"start":{"line":14,"column":8},"end":{"line":14,"column":45}}],"line":11}},"s":{"0":1,"1":4,"2":11,"3":4,"4":3,"5":1,"6":1},"f":{"0":4,"1":11},"b":{"0":[11,4],"1":[3,1]},"_coverageSchema":"1a1c01bbd47fc00a2c39e90264f33305004495a9","hash":"8cc52ccb9b8c1442b6d18a7d962b76265eb438ba"}
}
