{"D:\\Нова папка\\Нова папка\\Express\\Second_semester\\JestApp\\src\\removeZ.js": {"path":"D:\\Нова папка\\Нова папка\\Express\\Second_semester\\JestApp\\src\\removeZ.js","statementMap":{"0":{"start":{"line":2,"column":22},"end":{"line":2,"column":34}},"1":{"start":{"line":3,"column":4},"end":{"line":3,"column":57}},"2":{"start":{"line":6,"column":4},"end":{"line":6,"column":28}}},"fnMap":{"0":{"name":"removeZ","decl":{"start":{"line":1,"column":9},"end":{"line":1,"column":16}},"loc":{"start":{"line":1,"column":22},"end":{"line":4,"column":3}},"line":1}},"branchMap":{},"s":{"0":4,"1":4,"2":1},"f":{"0":4},"b":{},"_coverageSchema":"1a1c01bbd47fc00a2c39e90264f33305004495a9","hash":"cb6638b3d5b1ae622ee85cd27a2ef882de3e06df"}
}
